<?xml version="1.0" encoding="UTF-8"?>
<!-- Generated by org.testng.reporters.JUnitReportReporter -->
<testsuite hostname="DESKTOP-MR0E3M3" failures="0" tests="1" name="jpro.jen" time="0.007" errors="0" timestamp="2022-11-23T15:53:08 GMT-05:00" skipped="0">
  <testcase classname="jpro.jen" name="script" time="0.007"/>
  <system-out/>
</testsuite> <!-- jpro.jen -->
